Log file open, 07/14/23 14:41:21
LogICUInternationalization: ICU TimeZone Detection - Raw Offset: -8:00, Platform Override: ''
LogInit: ExecutableName: CrashReportClient
LogInit: Build: UE5-CL-0
LogInit: Engine Version: 5.2.1-0+UE5
LogInit: Compatible Engine Version: 5.2.0-0+UE5
LogInit: Net CL: 0
LogInit: OS: Arch Linux (6.4.3-arch1-1), CPU: AMD Ryzen 7 5800X3D 8-Core Processor, GPU: NVIDIA PCI-id: 10de-2882 (1043-8903) (NVIDIA UNIX Open Kernel Module for x86_64  535.54.03  Release Build  (archlinux-builder@))
LogInit: Compiled (64-bit): Jul  7 2023 20:42:53
LogInit: Architecture: x64
LogInit: Compiled with Clang: 15.0.1 
LogInit: Build Configuration: Shipping
LogInit: Branch Name: UE5
LogInit: Command Line:  -Abslog="/home/skump/Documents/Unreal Projects/Otter/Saved/Logs/Otter-CRC.log" -Unattended "/home/skump/Documents/Unreal Projects/Otter/Saved/Crashes/ensureinfo-Otter-pid-11686-C38ABC779358450E8F6143E133115BB1/"
LogInit: Base Directory: /home/skump/UnrealEngine/Engine/Binaries/Linux/
LogInit: Allocator: Mimalloc
LogInit: Installed Engine Build: 1
LogInit: Presizing for max 100000 objects, including 0 objects not considered by GC, pre-allocating 0 bytes for permanent pool.
LogInit: Object subsystem initialized
LogConfig: Applying CVar settings from Section [ConsoleVariables] File [Engine]
[2023.07.14-21.41.21:121][  0]LogInit: Unix hardware info:
[2023.07.14-21.41.21:121][  0]LogInit:  - we are the first instance of this executable
[2023.07.14-21.41.21:121][  0]LogInit:  - this process' id (pid) is 12450, parent process' id (ppid) is 11686
[2023.07.14-21.41.21:121][  0]LogInit:  - we are not running under debugger
[2023.07.14-21.41.21:121][  0]LogInit:  - machine network name is 'skump'
[2023.07.14-21.41.21:121][  0]LogInit:  - user name is 'skump' (skump)
[2023.07.14-21.41.21:121][  0]LogInit:  - we're logged in locally
[2023.07.14-21.41.21:121][  0]LogInit:  - we're running with rendering
[2023.07.14-21.41.21:121][  0]LogInit:  - CPU: AuthenticAMD 'AMD Ryzen 7 5800X3D 8-Core Processor' (signature: 0xA20F12)
[2023.07.14-21.41.21:121][  0]LogInit:  - Number of physical cores available for the process: 8
[2023.07.14-21.41.21:121][  0]LogInit:  - Number of logical cores available for the process: 16
[2023.07.14-21.41.21:121][  0]LogInit:  - GPU Brand Info: NVIDIA PCI-id: 10de-2882 (1043-8903) (NVIDIA UNIX Open Kernel Module for x86_64  535.54.03  Release Build  (archlinux-builder@))
[2023.07.14-21.41.21:121][  0]LogInit:  - Memory allocator used: Mimalloc
[2023.07.14-21.41.21:121][  0]LogInit:  - This binary is optimized with LTO: no, PGO: no, instrumented for PGO data collection: no
[2023.07.14-21.41.21:121][  0]LogInit:  - This is an internal build.
[2023.07.14-21.41.21:121][  0]LogCore: Skipped benchmarking clocks because the engine is running in a standalone program mode - CLOCK_MONOTONIC will be used.
[2023.07.14-21.41.21:121][  0]LogInit: Unix-specific commandline switches:
[2023.07.14-21.41.21:121][  0]LogInit:  -ansimalloc - use malloc()/free() from libc (useful for tools like valgrind and electric fence)
[2023.07.14-21.41.21:121][  0]LogInit:  -jemalloc - use jemalloc for all memory allocation
[2023.07.14-21.41.21:121][  0]LogInit:  -binnedmalloc - use binned malloc  for all memory allocation
[2023.07.14-21.41.21:121][  0]LogInit:  -filemapcachesize=NUMBER - set the size for case-sensitive file mapping cache
[2023.07.14-21.41.21:121][  0]LogInit:  -useksm - uses kernel same-page mapping (KSM) for mapped memory (OFF)
[2023.07.14-21.41.21:121][  0]LogInit:  -ksmmergeall - marks all mmap'd memory pages suitable for KSM (OFF)
[2023.07.14-21.41.21:121][  0]LogInit:  -preloadmodulesymbols - Loads the main module symbols file into memory (OFF)
[2023.07.14-21.41.21:121][  0]LogInit:  -sigdfl=SIGNAL - Allows a specific signal to be set to its default handler rather then ignoring the signal
[2023.07.14-21.41.21:121][  0]LogInit:  -crashhandlerstacksize - Allows setting crash handler stack sizes (204800)
[2023.07.14-21.41.21:121][  0]LogInit:  -noexclusivelockonwrite - disables marking files created by the engine as exclusive locked while the engine has them opened
[2023.07.14-21.41.21:121][  0]LogInit:  -httpproxy=ADDRESS:PORT - redirects HTTP requests to a proxy (only supported if compiled with libcurl)
[2023.07.14-21.41.21:121][  0]LogInit:  -reuseconn - allow libcurl to reuse HTTP connections (only matters if compiled with libcurl)
[2023.07.14-21.41.21:121][  0]LogInit:  -virtmemkb=NUMBER - sets process virtual memory (address space) limit (overrides VirtualMemoryLimitInKB value from .ini)
[2023.07.14-21.41.21:121][  0]LogInit:  -allowsyscallfilterfile=PATH_TO_FILE - sets up a system call filter allow list. any invalid syscall in this list *will* cause a crash
[2023.07.14-21.41.21:121][  0]LogInit:  - Physical RAM available (not considering process quota): 32 GB (32005 MB, 32773920 KB, 33560494080 bytes)
[2023.07.14-21.41.21:121][  0]LogInit:  - VirtualMemoryAllocator pools will grow at scale 1.4
[2023.07.14-21.41.21:121][  0]LogInit:  - MemoryRangeDecommit() will be a no-op (re-run with -vmapoolevict to change)
[2023.07.14-21.41.21:121][  0]LogInit:  - PageSize 4096
[2023.07.14-21.41.21:121][  0]LogInit:  - BinnedPageSize 65536
[2023.07.14-21.41.21:123][  0]LogUObjectArray: 427 objects as part of root set at end of initial load.
[2023.07.14-21.41.21:123][  0]LogUObjectAllocator: 89664 out of 0 bytes used by permanent object pool.
[2023.07.14-21.41.21:123][  0]LogUObjectArray: CloseDisregardForGC: 0/0 objects in disregard for GC pool
[2023.07.14-21.41.21:123][  0]LogInit: Using OS detected language (en-US-POSIX).
[2023.07.14-21.41.21:123][  0]LogInit: Using OS detected locale (en-US-POSIX).
[2023.07.14-21.41.21:124][  0]LogTextLocalizationManager: No specific localization for 'en-US-POSIX' exists, so 'en' will be used for the language.
[2023.07.14-21.41.21:141][  0]LogInit: Using OS detected language (en-US-POSIX).
[2023.07.14-21.41.21:141][  0]LogInit: Using OS detected locale (en-US-POSIX).
[2023.07.14-21.41.21:141][  0]LogTextLocalizationManager: No localization for 'en-US-POSIX' exists, so 'en' will be used for the language.
[2023.07.14-21.41.21:141][  0]LogTextLocalizationManager: No localization for 'en-US-POSIX' exists, so 'en' will be used for the locale.
[2023.07.14-21.41.21:141][  0]LogPackageLocalizationCache: Processed 2 localized package path(s) for 1 prioritized culture(s) in 0.000016 seconds
[2023.07.14-21.41.21:141][  0]CrashReportCoreLog: CrashReportClientVersion=1.0
[2023.07.14-21.41.21:141][  0]CrashReportCoreLog: CrashReportReceiver disabled
[2023.07.14-21.41.21:141][  0]CrashReportCoreLog: DataRouterUrl: https://datarouter.ol.epicgames.com/datarouter/api/v1/public/data
[2023.07.14-21.41.21:142][  0]CrashReportCoreLog: Initial state = Unknown UploadState value
[2023.07.14-21.41.21:142][  0]CrashReportCoreLog: Initial state = Unknown UploadState value
[2023.07.14-21.41.21:142][  0]LogCrashDebugHelper: DepotName: UE5
[2023.07.14-21.41.21:142][  0]LogCrashDebugHelper: BuiltFromCL: 0
[2023.07.14-21.41.21:142][  0]LogCrashDebugHelper: EngineVersion: 5.2.1-0+UE5
[2023.07.14-21.41.21:142][  0]LogCrashDebugHelper: BuildVersion: UE5-CL-0
[2023.07.14-21.41.22:111][  0]CrashReportCoreLog: Got 4 pending files to upload from 'ensureinfo-Otter-pid-11686-C38ABC779358450E8F6143E133115BB1'
[2023.07.14-21.41.22:111][  0]CrashReportCoreLog: State change from Ready to SendingFiles
[2023.07.14-21.41.22:111][  0]CrashReportCoreLog: CompressAndSendData have 4 pending files
[2023.07.14-21.41.22:111][  0]CrashReportCoreLog: CompressAndSendData compressing 36285 bytes ('/home/skump/Documents/Unreal Projects/Otter/Saved/Crashes/ensureinfo-Otter-pid-11686-C38ABC779358450E8F6143E133115BB1/CrashContext.runtime-xml')
[2023.07.14-21.41.22:111][  0]CrashReportCoreLog: CompressAndSendData compressing 196481 bytes ('/home/skump/Documents/Unreal Projects/Otter/Saved/Crashes/ensureinfo-Otter-pid-11686-C38ABC779358450E8F6143E133115BB1/Otter.log')
[2023.07.14-21.41.22:111][  0]CrashReportCoreLog: CompressAndSendData compressing 3700 bytes ('/home/skump/Documents/Unreal Projects/Otter/Saved/Crashes/ensureinfo-Otter-pid-11686-C38ABC779358450E8F6143E133115BB1/Diagnostics.txt')
[2023.07.14-21.41.22:111][  0]CrashReportCoreLog: CompressAndSendData compressing 133 bytes ('/home/skump/Documents/Unreal Projects/Otter/Saved/Crashes/ensureinfo-Otter-pid-11686-C38ABC779358450E8F6143E133115BB1/CrashReportClient.ini')
[2023.07.14-21.41.22:128][  0]LogInit: Using libcurl 7.83.1
[2023.07.14-21.41.22:128][  0]LogInit:  - built for Linux
[2023.07.14-21.41.22:128][  0]LogInit:  - supports SSL with OpenSSL/1.1.1n
[2023.07.14-21.41.22:128][  0]LogInit:  - supports HTTP deflate (compression) using libz 1.2.12
[2023.07.14-21.41.22:128][  0]LogInit:  - other features:
[2023.07.14-21.41.22:128][  0]LogInit:      CURL_VERSION_SSL
[2023.07.14-21.41.22:128][  0]LogInit:      CURL_VERSION_LIBZ
[2023.07.14-21.41.22:128][  0]LogInit:      CURL_VERSION_IPV6
[2023.07.14-21.41.22:128][  0]LogInit:      CURL_VERSION_ASYNCHDNS
[2023.07.14-21.41.22:128][  0]LogInit:      CURL_VERSION_LARGEFILE
[2023.07.14-21.41.22:128][  0]LogInit:  CurlRequestOptions (configurable via config and command line):
[2023.07.14-21.41.22:128][  0]LogInit:  - bVerifyPeer = false  - Libcurl will NOT verify peer certificate
[2023.07.14-21.41.22:128][  0]LogInit:  - bUseHttpProxy = false  - Libcurl will NOT use HTTP proxy
[2023.07.14-21.41.22:128][  0]LogInit:  - bDontReuseConnections = false  - Libcurl will reuse connections
[2023.07.14-21.41.22:128][  0]LogInit:  - MaxHostConnections = 16  - Libcurl will limit the number of connections to a host
[2023.07.14-21.41.22:128][  0]LogInit:  - LocalHostAddr = Default
[2023.07.14-21.41.22:128][  0]LogInit:  - BufferSize = 65536
[2023.07.14-21.41.22:128][  0]CrashReportCoreLog: Sending HTTP request: https://datarouter.ol.epicgames.com/datarouter/api/v1/public/data?AppID=CrashReporter&AppVersion=5.2.1-0%2BUE5&AppEnvironment=Release&UploadType=crashreports&UserID=6303294ebfc1446c815328a365ba9a8d-000003e8%7C%7C6303294ebfc1446c815328a365ba9a8d
[2023.07.14-21.41.22:678][  0]CrashReportCoreLog: OnProcessRequestComplete(), State=SendingFiles bSucceeded=1
[2023.07.14-21.41.22:679][  0]CrashReportCoreLog: State change from SendingFiles to SendingFiles
[2023.07.14-21.41.22:679][  0]CrashReportCoreLog: All uploads done
[2023.07.14-21.41.22:679][  0]CrashReportCoreLog: State change from SendingFiles to Finished
[2023.07.14-21.41.23:146][  0]CrashReportCoreLog: Final state (Receiver) = Finished
[2023.07.14-21.41.23:146][  0]CrashReportCoreLog: Final state (Receiver) = Unknown UploadState value
[2023.07.14-21.41.23:146][  0]LogCore: Engine exit requested (reason: CrashReportClientApp RequestExit)
[2023.07.14-21.41.23:146][  0]LogExit: Preparing to exit.
[2023.07.14-21.41.23:146][  0]LogExit: Object subsystem successfully closed.
[2023.07.14-21.41.23:147][  0]LogModuleManager: Shutting down and abandoning module HTTP (12)
[2023.07.14-21.41.23:148][  0]LogModuleManager: Shutting down and abandoning module SSL (11)
[2023.07.14-21.41.23:148][  0]LogModuleManager: Shutting down and abandoning module CrashDebugHelper (8)
[2023.07.14-21.41.23:148][  0]LogModuleManager: Shutting down and abandoning module CoreUObject (6)
[2023.07.14-21.41.23:148][  0]LogModuleManager: Shutting down and abandoning module PakFile (4)
[2023.07.14-21.41.23:148][  0]LogModuleManager: Shutting down and abandoning module RSA (3)
[2023.07.14-21.41.23:149][  0]LogExit: Exiting.
[2023.07.14-21.41.23:157][  0]Log file closed, 07/14/23 14:41:23
